<?xml version="1.0" encoding="UTF-8"?>
<testsuite name="MaximumTestAnalyser" tests="1" skipped="0" failures="0" errors="0" timestamp="2020-04-03T17:47:34" hostname="Sagar" time="0.007">
  <properties/>
  <testcase name="givenThreeIntergers_FindMaximum_AtFirstPosition" classname="MaximumTestAnalyser" time="0.007"/>
  <system-out><![CDATA[]]></system-out>
  <system-err><![CDATA[]]></system-err>
</testsuite>
